This is pdfTeX, Version 3.14159265-2.6-1.40.18 (MiKTeX 2.9.6530) (preloaded format=pdflatex 2017.9.20)  28 FEB 2018 18:01
entering extended mode
**./GOOGLEDOC.tex
(GOOGLEDOC.tex
LaTeX2e <2017-04-15>
Babel <3.13> and hyphenation patterns for 1 language(s) loaded.
(/home/jrothschild/.miktex/texmfs/install/tex/latex/base/article.cls
Document Class: article 2014/09/29 v1.4h Standard LaTeX document class
(/home/jrothschild/.miktex/texmfs/install/tex/latex/base/size10.clo
File: size10.clo 2014/09/29 v1.4h Standard LaTeX file (size option)
)
\c@part=\count79
\c@section=\count80
\c@subsection=\count81
\c@subsubsection=\count82
\c@paragraph=\count83
\c@subparagraph=\count84
\c@figure=\count85
\c@table=\count86
\abovecaptionskip=\skip41
\belowcaptionskip=\skip42
\bibindent=\dimen102
)
(/home/jrothschild/.miktex/texmfs/install/tex/latex/graphics/graphicx.sty
Package: graphicx 2017/06/01 v1.1a Enhanced LaTeX Graphics (DPC,SPQR)

(/home/jrothschild/.miktex/texmfs/install/tex/latex/graphics/keyval.sty
Package: keyval 2014/10/28 v1.15 key=value parser (DPC)
\KV@toks@=\toks14
)
(/home/jrothschild/.miktex/texmfs/install/tex/latex/graphics/graphics.sty
Package: graphics 2017/06/25 v1.2c Standard LaTeX Graphics (DPC,SPQR)

(/home/jrothschild/.miktex/texmfs/install/tex/latex/graphics/trig.sty
Package: trig 2016/01/03 v1.10 sin cos tan (DPC)
)
(/home/jrothschild/.miktex/texmfs/install/tex/latex/graphics-cfg/graphics.cfg
File: graphics.cfg 2016/06/04 v1.11 sample graphics configuration
)
Package graphics Info: Driver file: pdftex.def on input line 99.

(/home/jrothschild/.miktex/texmfs/install/tex/latex/graphics-def/pdftex.def
File: pdftex.def 2017/06/24 v1.0g Graphics/color driver for pdftex
))
\Gin@req@height=\dimen103
\Gin@req@width=\dimen104
)
(/home/jrothschild/.miktex/texmfs/install/tex/latex/amsmath/amsmath.sty
Package: amsmath 2017/09/02 v2.17a AMS math features
\@mathmargin=\skip43

For additional information on amsmath, use the `?' option.
(/home/jrothschild/.miktex/texmfs/install/tex/latex/amsmath/amstext.sty
Package: amstext 2000/06/29 v2.01 AMS text

(/home/jrothschild/.miktex/texmfs/install/tex/latex/amsmath/amsgen.sty
File: amsgen.sty 1999/11/30 v2.0 generic functions
\@emptytoks=\toks15
\ex@=\dimen105
))
(/home/jrothschild/.miktex/texmfs/install/tex/latex/amsmath/amsbsy.sty
Package: amsbsy 1999/11/29 v1.2d Bold Symbols
\pmbraise@=\dimen106
)
(/home/jrothschild/.miktex/texmfs/install/tex/latex/amsmath/amsopn.sty
Package: amsopn 2016/03/08 v2.02 operator names
)
\inf@bad=\count87
LaTeX Info: Redefining \frac on input line 213.
\uproot@=\count88
\leftroot@=\count89
LaTeX Info: Redefining \overline on input line 375.
\classnum@=\count90
\DOTSCASE@=\count91
LaTeX Info: Redefining \ldots on input line 472.
LaTeX Info: Redefining \dots on input line 475.
LaTeX Info: Redefining \cdots on input line 596.
\Mathstrutbox@=\box26
\strutbox@=\box27
\big@size=\dimen107
LaTeX Font Info:    Redeclaring font encoding OML on input line 712.
LaTeX Font Info:    Redeclaring font encoding OMS on input line 713.
\macc@depth=\count92
\c@MaxMatrixCols=\count93
\dotsspace@=\muskip10
\c@parentequation=\count94
\dspbrk@lvl=\count95
\tag@help=\toks16
\row@=\count96
\column@=\count97
\maxfields@=\count98
\andhelp@=\toks17
\eqnshift@=\dimen108
\alignsep@=\dimen109
\tagshift@=\dimen110
\tagwidth@=\dimen111
\totwidth@=\dimen112
\lineht@=\dimen113
\@envbody=\toks18
\multlinegap=\skip44
\multlinetaggap=\skip45
\mathdisplay@stack=\toks19
LaTeX Info: Redefining \[ on input line 2817.
LaTeX Info: Redefining \] on input line 2818.
)
(/home/jrothschild/.miktex/texmfs/install/tex/latex/amscls/amsthm.sty
Package: amsthm 2015/03/04 v2.20.2
\thm@style=\toks20
\thm@bodyfont=\toks21
\thm@headfont=\toks22
\thm@notefont=\toks23
\thm@headpunct=\toks24
\thm@preskip=\skip46
\thm@postskip=\skip47
\thm@headsep=\skip48
\dth@everypar=\toks25
)
(/home/jrothschild/.miktex/texmfs/install/tex/latex/amsfonts/amssymb.sty
Package: amssymb 2013/01/14 v3.01 AMS font symbols

(/home/jrothschild/.miktex/texmfs/install/tex/latex/amsfonts/amsfonts.sty
Package: amsfonts 2013/01/14 v3.01 Basic AMSFonts support
\symAMSa=\mathgroup4
\symAMSb=\mathgroup5
LaTeX Font Info:    Overwriting math alphabet `\mathfrak' in version `bold'
(Font)                  U/euf/m/n --> U/euf/b/n on input line 106.
))
(/home/jrothschild/.miktex/texmfs/install/tex/latex/braket/braket.sty)
(/home/jrothschild/.miktex/texmfs/install/tex/latex/graphics/color.sty
Package: color 2016/07/10 v1.1e Standard LaTeX Color (DPC)

(/home/jrothschild/.miktex/texmfs/install/tex/latex/graphics-cfg/color.cfg
File: color.cfg 2016/01/02 v1.6 sample color configuration
)
Package color Info: Driver file: pdftex.def on input line 147.
)
(/home/jrothschild/.miktex/texmfs/install/tex/latex/xcolor/xcolor.sty
Package: xcolor 2016/05/11 v2.12 LaTeX color extensions (UK)

(/home/jrothschild/.miktex/texmfs/install/tex/latex/graphics-cfg/color.cfg
File: color.cfg 2016/01/02 v1.6 sample color configuration
)
Package xcolor Info: Package option `usenames' ignored on input line 216.
Package xcolor Info: Driver file: pdftex.def on input line 225.
LaTeX Info: Redefining \color on input line 709.
Package xcolor Info: Model `cmy' substituted by `cmy0' on input line 1348.
Package xcolor Info: Model `hsb' substituted by `rgb' on input line 1352.
Package xcolor Info: Model `RGB' extended on input line 1364.
Package xcolor Info: Model `HTML' substituted by `rgb' on input line 1366.
Package xcolor Info: Model `Hsb' substituted by `hsb' on input line 1367.
Package xcolor Info: Model `tHsb' substituted by `hsb' on input line 1368.
Package xcolor Info: Model `HSB' substituted by `hsb' on input line 1369.
Package xcolor Info: Model `Gray' substituted by `gray' on input line 1370.
Package xcolor Info: Model `wave' substituted by `hsb' on input line 1371.

(/home/jrothschild/.miktex/texmfs/install/tex/latex/graphics/dvipsnam.def
File: dvipsnam.def 2016/06/17 v3.0m Driver-dependent file (DPC,SPQR)
))
(/home/jrothschild/.miktex/texmfs/install/tex/latex/subfig/subfig.sty
Package: subfig 2005/06/28 ver: 1.3 subfig package

(/home/jrothschild/.miktex/texmfs/install/tex/latex/caption/caption.sty
Package: caption 2016/02/21 v3.3-144 Customizing captions (AR)

(/home/jrothschild/.miktex/texmfs/install/tex/latex/caption/caption3.sty
Package: caption3 2016/05/22 v1.7-166 caption3 kernel (AR)
Package caption3 Info: TeX engine: e-TeX on input line 67.
\captionmargin=\dimen114
\captionmargin@=\dimen115
\captionwidth=\dimen116
\caption@tempdima=\dimen117
\caption@indent=\dimen118
\caption@parindent=\dimen119
\caption@hangindent=\dimen120
)
\c@ContinuedFloat=\count99
)
\c@KVtest=\count100
\sf@farskip=\skip49
\sf@captopadj=\dimen121
\sf@capskip=\skip50
\sf@nearskip=\skip51
\c@subfigure=\count101
\c@subfigure@save=\count102
\c@lofdepth=\count103
\c@subtable=\count104
\c@subtable@save=\count105
\c@lotdepth=\count106
\sf@top=\skip52
\sf@bottom=\skip53
)
(/home/jrothschild/.miktex/texmfs/install/tex/latex/ulem/ulem.sty
\UL@box=\box28
\UL@hyphenbox=\box29
\UL@skip=\skip54
\UL@hook=\toks26
\UL@height=\dimen122
\UL@pe=\count107
\UL@pixel=\dimen123
\ULC@box=\box30
Package: ulem 2012/05/18
\ULdepth=\dimen124
)
(GOOGLEDOC.aux)
\openout1 = `GOOGLEDOC.aux'.

LaTeX Font Info:    Checking defaults for OML/cmm/m/it on input line 26.
LaTeX Font Info:    ... okay on input line 26.
LaTeX Font Info:    Checking defaults for T1/cmr/m/n on input line 26.
LaTeX Font Info:    ... okay on input line 26.
LaTeX Font Info:    Checking defaults for OT1/cmr/m/n on input line 26.
LaTeX Font Info:    ... okay on input line 26.
LaTeX Font Info:    Checking defaults for OMS/cmsy/m/n on input line 26.
LaTeX Font Info:    ... okay on input line 26.
LaTeX Font Info:    Checking defaults for OMX/cmex/m/n on input line 26.
LaTeX Font Info:    ... okay on input line 26.
LaTeX Font Info:    Checking defaults for U/cmr/m/n on input line 26.
LaTeX Font Info:    ... okay on input line 26.

(/home/jrothschild/.miktex/texmfs/install/tex/context/base/supp-pdf.mkii
[Loading MPS to PDF converter (version 2006.09.02).]
\scratchcounter=\count108
\scratchdimen=\dimen125
\scratchbox=\box31
\nofMPsegments=\count109
\nofMParguments=\count110
\everyMPshowfont=\toks27
\MPscratchCnt=\count111
\MPscratchDim=\dimen126
\MPnumerator=\count112
\makeMPintoPDFobject=\count113
\everyMPtoPDFconversion=\toks28
)
(/home/jrothschild/.miktex/texmfs/install/tex/latex/oberdiek/epstopdf-base.sty
Package: epstopdf-base 2016/05/15 v2.6 Base part for package epstopdf

(/home/jrothschild/.miktex/texmfs/install/tex/generic/oberdiek/infwarerr.sty
Package: infwarerr 2016/05/16 v1.4 Providing info/warning/error messages (HO)
)
(/home/jrothschild/.miktex/texmfs/install/tex/latex/oberdiek/grfext.sty
Package: grfext 2016/05/16 v1.2 Manage graphics extensions (HO)

(/home/jrothschild/.miktex/texmfs/install/tex/generic/oberdiek/kvdefinekeys.sty
Package: kvdefinekeys 2016/05/16 v1.4 Define keys (HO)
(/home/jrothschild/.miktex/texmfs/install/tex/generic/oberdiek/ltxcmds.sty
Package: ltxcmds 2016/05/16 v1.23 LaTeX kernel commands for general use (HO)
)))
(/home/jrothschild/.miktex/texmfs/install/tex/latex/oberdiek/kvoptions.sty
Package: kvoptions 2016/05/16 v3.12 Key value format for package options (HO)

(/home/jrothschild/.miktex/texmfs/install/tex/generic/oberdiek/kvsetkeys.sty
Package: kvsetkeys 2016/05/16 v1.17 Key value parser (HO)

(/home/jrothschild/.miktex/texmfs/install/tex/generic/oberdiek/etexcmds.sty
Package: etexcmds 2016/05/16 v1.6 Avoid name clashes with e-TeX commands (HO)

(/home/jrothschild/.miktex/texmfs/install/tex/generic/oberdiek/ifluatex.sty
Package: ifluatex 2016/05/16 v1.4 Provides the ifluatex switch (HO)
Package ifluatex Info: LuaTeX not detected.
)
Package etexcmds Info: Could not find \expanded.
(etexcmds)             That can mean that you are not using pdfTeX 1.50 or
(etexcmds)             that some package has redefined \expanded.
(etexcmds)             In the latter case, load this package earlier.
))) (/home/jrothschild/.miktex/texmfs/install/tex/generic/oberdiek/pdftexcmds.s
ty
Package: pdftexcmds 2017/03/19 v0.25 Utility functions of pdfTeX for LuaTeX (HO
)

(/home/jrothschild/.miktex/texmfs/install/tex/generic/oberdiek/ifpdf.sty
Package: ifpdf 2017/03/15 v3.2 Provides the ifpdf switch
)
Package pdftexcmds Info: LuaTeX not detected.
Package pdftexcmds Info: \pdf@primitive is available.
Package pdftexcmds Info: \pdf@ifprimitive is available.
Package pdftexcmds Info: \pdfdraftmode found.
)
Package epstopdf-base Info: Redefining graphics rule for `.eps' on input line 4
38.
Package grfext Info: Graphics extension search list:
(grfext)             [.pdf,.png,.jpg,.mps,.jpeg,.jbig2,.jb2,.PDF,.PNG,.JPG,.JPE
G,.JBIG2,.JB2,.eps]
(grfext)             \AppendGraphicsExtensions on input line 456.
)
Package caption Info: Begin \AtBeginDocument code.
Package caption Info: subfig package v1.3 is loaded.
Package caption Info: End \AtBeginDocument code.
LaTeX Font Info:    Try loading font information for U+msa on input line 28.

(/home/jrothschild/.miktex/texmfs/install/tex/latex/amsfonts/umsa.fd
File: umsa.fd 2013/01/14 v3.01 AMS symbols A
)
LaTeX Font Info:    Try loading font information for U+msb on input line 28.

(/home/jrothschild/.miktex/texmfs/install/tex/latex/amsfonts/umsb.fd
File: umsb.fd 2013/01/14 v3.01 AMS symbols B
)

LaTeX Warning: Citation `Hubbell2001' on page 1 undefined on input line 36.


LaTeX Warning: Citation `Chesson1990' on page 1 undefined on input line 38.


LaTeX Warning: Citation `Maini2004' on page 1 undefined on input line 38.


LaTeX Warning: Citation `Ovaskainen2010' on page 1 undefined on input line 43.


LaTeX Warning: Citation `especially with different q’s' on page 1 undefined o
n input line 49.


LaTeX Warning: Citation `Hubbell2001?' on page 1 undefined on input line 50.


LaTeX Warning: Citation `others?' on page 1 undefined on input line 50.


LaTeX Warning: Citation `.' on page 1 undefined on input line 50.


LaTeX Warning: Citation `Nisbet1982/Gardiner2004' on page 1 undefined on input 
line 57.


LaTeX Warning: Citation `others?' on page 1 undefined on input line 57.


LaTeX Warning: Citation `same as first sentence of paragraph? - see Ovaskainen 
for a couple' on page 1 undefined on input line 59.


LaTeX Warning: Citation `Armstrong1980' on page 1 undefined on input line 68.


LaTeX Warning: Citation `?' on page 1 undefined on input line 69.

[1

{/home/jrothschild/.miktex/texmfs/data/pdftex/config/pdftex.map}]

LaTeX Warning: Citation `Nisbet1982' on page 2 undefined on input line 97.

[2]

LaTeX Warning: Citation `Nisbet1982' on page 3 undefined on input line 190.

<Figure1-A.pdf, id=18, pagebox=cropbox, 279.38177pt x 178.79898pt>
File: Figure1-A.pdf Graphic file (type pdf)
<use Figure1-A.pdf>
Package pdftex.def Info: Figure1-A.pdf  used on input line 201. on input line 2
01.
Package pdftex.def Info: Requested size: 236.01555pt x 151.04678pt on input lin
e 201.
<Figure1-B.pdf, id=19, pagebox=cropbox, 279.38177pt x 178.79898pt>
File: Figure1-B.pdf Graphic file (type pdf)
<use Figure1-B.pdf>
Package pdftex.def Info: Figure1-B.pdf  used on input line 203. on input line 2
03.
Package pdftex.def Info: Requested size: 236.01555pt x 151.04678pt on input lin
e 203.

LaTeX Warning: Citation `Nisbet1982' on page 3 undefined on input line 225.


LaTeX Warning: Citation `paper this R' on page 3 undefined on input line 225.


LaTeX Warning: Citation `T comes from' on page 3 undefined on input line 225.

[3]

LaTeX Warning: Citation `Ovaskainen2010' on page 4 undefined on input line 239.


<Figure2.pdf, id=24, pagebox=cropbox, 277.79684pt x 182.40747pt>
File: Figure2.pdf Graphic file (type pdf)
<use Figure2.pdf>
Package pdftex.def Info: Figure2.pdf  used on input line 256. on input line 256
.
Package pdftex.def Info: Requested size: 283.22154pt x 185.978pt on input line 
256.
<Figure3-A.pdf, id=25, pagebox=cropbox, 273.53995pt x 182.53294pt>
File: Figure3-A.pdf Graphic file (type pdf)
<use Figure3-A.pdf>
Package pdftex.def Info: Figure3-A.pdf  used on input line 270. on input line 2
70.
Package pdftex.def Info: Requested size: 236.01555pt x 157.4961pt on input line
 270.
<Figure3-B.pdf, id=26, pagebox=cropbox, 272.63354pt x 178.79898pt>
File: Figure3-B.pdf Graphic file (type pdf)
<use Figure3-B.pdf>
Package pdftex.def Info: Figure3-B.pdf  used on input line 272. on input line 2
72.
Package pdftex.def Info: Requested size: 236.01555pt x 154.78722pt on input lin
e 272.

LaTeX Warning: Citation `Gardiner2004' on page 4 undefined on input line 455.

[4 <./Figure1-A.pdf> <./Figure1-B.pdf>]

LaTeX Warning: Citation `Assaf2016' on page 5 undefined on input line 464.


LaTeX Warning: Citation `etc' on page 5 undefined on input line 464.


LaTeX Warning: Citation `Generating function stuff' on page 5 undefined on inpu
t line 467.

[5 <./Figure2.pdf> <./Figure3-A.pdf> <./Figure3-B.pdf>]

LaTeX Warning: Citation `smalln' on page 6 undefined on input line 472.

<Figure4.pdf, id=182, pagebox=cropbox, 279.38177pt x 182.40747pt>
File: Figure4.pdf Graphic file (type pdf)
<use Figure4.pdf>
Package pdftex.def Info: Figure4.pdf  used on input line 479. on input line 479
.
Package pdftex.def Info: Requested size: 283.22154pt x 184.91756pt on input lin
e 479.

LaTeX Warning: Citation `textbooks' on page 6 undefined on input line 495.


LaTeX Warning: Citation `WKB paper(Assaf2016?)' on page 6 undefined on input li
ne 495.

[6 <./Figure4.pdf>]
<Figure5.pdf, id=248, pagebox=cropbox, 275.70003pt x 182.40747pt>
File: Figure5.pdf Graphic file (type pdf)
<use Figure5.pdf>
Package pdftex.def Info: Figure5.pdf  used on input line 523. on input line 523
.
Package pdftex.def Info: Requested size: 283.22154pt x 187.38913pt on input lin
e 523.


LaTeX Warning: Citation `Nisbet1982' on page 7 undefined on input line 546.


LaTeX Warning: Citation `Nadell2008' on page 7 undefined on input line 550.

[7 <./Figure5.pdf>]

LaTeX Warning: Reference `MTECP' on page 8 undefined on input line 559.


LaTeX Warning: Reference `DFvsd_K100' on page 8 undefined on input line 569.


LaTeX Warning: Citation `Lande1993' on page 8 undefined on input line 603.


LaTeX Warning: Citation `Servais1985' on page 8 undefined on input line 628.

[8]

LaTeX Warning: Citation `again the ones with different q’s' on page 9 undefin
ed on input line 644.

[9]
File: Figure5.pdf Graphic file (type pdf)
<use Figure5.pdf>
Package pdftex.def Info: Figure5.pdf  used on input line 753. on input line 753
.
Package pdftex.def Info: Requested size: 377.62633pt x 249.85217pt on input lin
e 753.
 [10] [11] (GOOGLEDOC.aux)

LaTeX Warning: There were undefined references.

 ) 
Here is how much of TeX's memory you used:
 4367 strings out of 495217
 63612 string characters out of 3181069
 129622 words of memory out of 3000000
 7594 multiletter control sequences out of 15000+200000
 12000 words of font info for 47 fonts, out of 3000000 for 9000
 14 hyphenation exceptions out of 8191
 44i,10n,49p,621b,402s stack positions out of 5000i,500n,10000p,200000b,50000s
</home/jrothschild/.miktex/texmfs/install/fonts/type1/public/amsfonts/cm/cmbx
10.pfb></home/jrothschild/.miktex/texmfs/install/fonts/type1/public/amsfonts/cm
/cmbx12.pfb></home/jrothschild/.miktex/texmfs/install/fonts/type1/public/amsfon
ts/cm/cmex10.pfb></home/jrothschild/.miktex/texmfs/install/fonts/type1/public/a
msfonts/cmextra/cmex7.pfb></home/jrothschild/.miktex/texmfs/install/fonts/type1
/public/amsfonts/cm/cmmi10.pfb></home/jrothschild/.miktex/texmfs/install/fonts/
type1/public/amsfonts/cm/cmmi5.pfb></home/jrothschild/.miktex/texmfs/install/fo
nts/type1/public/amsfonts/cm/cmmi7.pfb></home/jrothschild/.miktex/texmfs/instal
l/fonts/type1/public/amsfonts/cm/cmmi8.pfb></home/jrothschild/.miktex/texmfs/in
stall/fonts/type1/public/amsfonts/cm/cmr10.pfb></home/jrothschild/.miktex/texmf
s/install/fonts/type1/public/amsfonts/cm/cmr12.pfb></home/jrothschild/.miktex/t
exmfs/install/fonts/type1/public/amsfonts/cm/cmr17.pfb></home/jrothschild/.mikt
ex/texmfs/install/fonts/type1/public/amsfonts/cm/cmr5.pfb></home/jrothschild/.m
iktex/texmfs/install/fonts/type1/public/amsfonts/cm/cmr6.pfb></home/jrothschild
/.miktex/texmfs/install/fonts/type1/public/amsfonts/cm/cmr7.pfb></home/jrothsch
ild/.miktex/texmfs/install/fonts/type1/public/amsfonts/cm/cmr8.pfb></home/jroth
schild/.miktex/texmfs/install/fonts/type1/public/amsfonts/cm/cmsy10.pfb></home/
jrothschild/.miktex/texmfs/install/fonts/type1/public/amsfonts/cm/cmsy5.pfb></h
ome/jrothschild/.miktex/texmfs/install/fonts/type1/public/amsfonts/cm/cmsy6.pfb
></home/jrothschild/.miktex/texmfs/install/fonts/type1/public/amsfonts/cm/cmsy7
.pfb></home/jrothschild/.miktex/texmfs/install/fonts/type1/public/amsfonts/cm/c
mti10.pfb></home/jrothschild/.miktex/texmfs/install/fonts/type1/public/amsfonts
/cm/cmti8.pfb></home/jrothschild/.miktex/texmfs/install/fonts/type1/public/amsf
onts/symbols/msam10.pfb></home/jrothschild/.miktex/texmfs/install/fonts/type1/p
ublic/amsfonts/symbols/msbm10.pfb>
Output written on GOOGLEDOC.pdf (11 pages, 590576 bytes).
PDF statistics:
 397 PDF objects out of 1000 (max. 8388607)
 0 named destinations out of 1000 (max. 500000)
 36 words of extra memory for PDF output out of 10000 (max. 10000000)

