This is pdfTeX, Version 3.14159265-2.6-1.40.20 (MiKTeX 2.9.7050) (preloaded format=pdflatex 2019.5.29)  6 AUG 2019 17:50
entering extended mode
**./stochatsic_onespecies.tex
(stochatsic_onespecies.tex
LaTeX2e <2018-04-01> patch level 5
(/home/jbrothschild/.miktex/texmfs/install/tex/latex/base/article.cls
Document Class: article 2014/09/29 v1.4h Standard LaTeX document class
(/home/jbrothschild/.miktex/texmfs/install/tex/latex/base/size10.clo
File: size10.clo 2014/09/29 v1.4h Standard LaTeX file (size option)
)
\c@part=\count80
\c@section=\count81
\c@subsection=\count82
\c@subsubsection=\count83
\c@paragraph=\count84
\c@subparagraph=\count85
\c@figure=\count86
\c@table=\count87
\abovecaptionskip=\skip41
\belowcaptionskip=\skip42
\bibindent=\dimen102
)
(/home/jbrothschild/.miktex/texmfs/install/tex/latex/graphics/graphicx.sty
Package: graphicx 2017/06/01 v1.1a Enhanced LaTeX Graphics (DPC,SPQR)

(/home/jbrothschild/.miktex/texmfs/install/tex/latex/graphics/keyval.sty
Package: keyval 2014/10/28 v1.15 key=value parser (DPC)
\KV@toks@=\toks14
)
(/home/jbrothschild/.miktex/texmfs/install/tex/latex/graphics/graphics.sty
Package: graphics 2017/06/25 v1.2c Standard LaTeX Graphics (DPC,SPQR)

(/home/jbrothschild/.miktex/texmfs/install/tex/latex/graphics/trig.sty
Package: trig 2016/01/03 v1.10 sin cos tan (DPC)
)
(/home/jbrothschild/.miktex/texmfs/install/tex/latex/graphics-cfg/graphics.cfg
File: graphics.cfg 2016/06/04 v1.11 sample graphics configuration
)
Package graphics Info: Driver file: pdftex.def on input line 99.
(/home/jbrothschild/.miktex/texmfs/install/tex/latex/graphics-def/pdftex.def
File: pdftex.def 2018/01/08 v1.0l Graphics/color driver for pdftex
))
\Gin@req@height=\dimen103
\Gin@req@width=\dimen104
) (/home/jbrothschild/.miktex/texmfs/install/tex/latex/amsmath/amsmath.sty
Package: amsmath 2017/09/02 v2.17a AMS math features
\@mathmargin=\skip43

For additional information on amsmath, use the `?' option.
(/home/jbrothschild/.miktex/texmfs/install/tex/latex/amsmath/amstext.sty
Package: amstext 2000/06/29 v2.01 AMS text

(/home/jbrothschild/.miktex/texmfs/install/tex/latex/amsmath/amsgen.sty
File: amsgen.sty 1999/11/30 v2.0 generic functions
\@emptytoks=\toks15
\ex@=\dimen105
))
(/home/jbrothschild/.miktex/texmfs/install/tex/latex/amsmath/amsbsy.sty
Package: amsbsy 1999/11/29 v1.2d Bold Symbols
\pmbraise@=\dimen106
)
(/home/jbrothschild/.miktex/texmfs/install/tex/latex/amsmath/amsopn.sty
Package: amsopn 2016/03/08 v2.02 operator names
)
\inf@bad=\count88
LaTeX Info: Redefining \frac on input line 213.
\uproot@=\count89
\leftroot@=\count90
LaTeX Info: Redefining \overline on input line 375.
\classnum@=\count91
\DOTSCASE@=\count92
LaTeX Info: Redefining \ldots on input line 472.
LaTeX Info: Redefining \dots on input line 475.
LaTeX Info: Redefining \cdots on input line 596.
\Mathstrutbox@=\box26
\strutbox@=\box27
\big@size=\dimen107
LaTeX Font Info:    Redeclaring font encoding OML on input line 712.
LaTeX Font Info:    Redeclaring font encoding OMS on input line 713.
\macc@depth=\count93
\c@MaxMatrixCols=\count94
\dotsspace@=\muskip10
\c@parentequation=\count95
\dspbrk@lvl=\count96
\tag@help=\toks16
\row@=\count97
\column@=\count98
\maxfields@=\count99
\andhelp@=\toks17
\eqnshift@=\dimen108
\alignsep@=\dimen109
\tagshift@=\dimen110
\tagwidth@=\dimen111
\totwidth@=\dimen112
\lineht@=\dimen113
\@envbody=\toks18
\multlinegap=\skip44
\multlinetaggap=\skip45
\mathdisplay@stack=\toks19
LaTeX Info: Redefining \[ on input line 2817.
LaTeX Info: Redefining \] on input line 2818.
)
(/home/jbrothschild/.miktex/texmfs/install/tex/latex/amscls/amsthm.sty
Package: amsthm 2017/10/31 v2.20.4
\thm@style=\toks20
\thm@bodyfont=\toks21
\thm@headfont=\toks22
\thm@notefont=\toks23
\thm@headpunct=\toks24
\thm@preskip=\skip46
\thm@postskip=\skip47
\thm@headsep=\skip48
\dth@everypar=\toks25
)
(/home/jbrothschild/.miktex/texmfs/install/tex/latex/amsfonts/amssymb.sty
Package: amssymb 2013/01/14 v3.01 AMS font symbols

(/home/jbrothschild/.miktex/texmfs/install/tex/latex/amsfonts/amsfonts.sty
Package: amsfonts 2013/01/14 v3.01 Basic AMSFonts support
\symAMSa=\mathgroup4
\symAMSb=\mathgroup5
LaTeX Font Info:    Overwriting math alphabet `\mathfrak' in version `bold'
(Font)                  U/euf/m/n --> U/euf/b/n on input line 106.
))
(/home/jbrothschild/.miktex/texmfs/install/tex/latex/braket/braket.sty)
(/home/jbrothschild/.miktex/texmfs/install/tex/latex/graphics/color.sty
Package: color 2016/07/10 v1.1e Standard LaTeX Color (DPC)

(/home/jbrothschild/.miktex/texmfs/install/tex/latex/graphics-cfg/color.cfg
File: color.cfg 2016/01/02 v1.6 sample color configuration
)
Package color Info: Driver file: pdftex.def on input line 147.
)
(/home/jbrothschild/.miktex/texmfs/install/tex/latex/xcolor/xcolor.sty
Package: xcolor 2016/05/11 v2.12 LaTeX color extensions (UK)

(/home/jbrothschild/.miktex/texmfs/install/tex/latex/graphics-cfg/color.cfg
File: color.cfg 2016/01/02 v1.6 sample color configuration
)
Package xcolor Info: Package option `usenames' ignored on input line 216.
Package xcolor Info: Driver file: pdftex.def on input line 225.
LaTeX Info: Redefining \color on input line 709.
Package xcolor Info: Model `cmy' substituted by `cmy0' on input line 1348.
Package xcolor Info: Model `hsb' substituted by `rgb' on input line 1352.
Package xcolor Info: Model `RGB' extended on input line 1364.
Package xcolor Info: Model `HTML' substituted by `rgb' on input line 1366.
Package xcolor Info: Model `Hsb' substituted by `hsb' on input line 1367.
Package xcolor Info: Model `tHsb' substituted by `hsb' on input line 1368.
Package xcolor Info: Model `HSB' substituted by `hsb' on input line 1369.
Package xcolor Info: Model `Gray' substituted by `gray' on input line 1370.
Package xcolor Info: Model `wave' substituted by `hsb' on input line 1371.

(/home/jbrothschild/.miktex/texmfs/install/tex/latex/graphics/dvipsnam.def
File: dvipsnam.def 2016/06/17 v3.0m Driver-dependent file (DPC,SPQR)
))
(/home/jbrothschild/.miktex/texmfs/install/tex/latex/subfig/subfig.sty
Package: subfig 2005/06/28 ver: 1.3 subfig package

(/home/jbrothschild/.miktex/texmfs/install/tex/latex/caption/caption.sty
Package: caption 2018/10/06 v3.3-154 Customizing captions (AR)

(/home/jbrothschild/.miktex/texmfs/install/tex/latex/caption/caption3.sty
Package: caption3 2018/09/12 v1.8c caption3 kernel (AR)
Package caption3 Info: TeX engine: e-TeX on input line 64.
\captionmargin=\dimen114
\captionmargin@=\dimen115
\captionwidth=\dimen116
\caption@tempdima=\dimen117
\caption@indent=\dimen118
\caption@parindent=\dimen119
\caption@hangindent=\dimen120
)
\c@caption@flags=\count100
\c@ContinuedFloat=\count101
)
\c@KVtest=\count102
\sf@farskip=\skip49
\sf@captopadj=\dimen121
\sf@capskip=\skip50
\sf@nearskip=\skip51
\c@subfigure=\count103
\c@subfigure@save=\count104
\c@lofdepth=\count105
\c@subtable=\count106
\c@subtable@save=\count107
\c@lotdepth=\count108
\sf@top=\skip52
\sf@bottom=\skip53
)
(/home/jbrothschild/.miktex/texmfs/install/tex/latex/ulem/ulem.sty
\UL@box=\box28
\UL@hyphenbox=\box29
\UL@skip=\skip54
\UL@hook=\toks26
\UL@height=\dimen122
\UL@pe=\count109
\UL@pixel=\dimen123
\ULC@box=\box30
Package: ulem 2012/05/18
\ULdepth=\dimen124
)
(/home/jbrothschild/.miktex/texmfs/install/tex/latex/subfiles/subfiles.sty
Package: subfiles 2018/07/31 Federico Garcia, Gernot Salzer

(/home/jbrothschild/.miktex/texmfs/install/tex/latex/tools/verbatim.sty
Package: verbatim 2014/10/28 v1.5q LaTeX2e package for verbatim enhancements
\every@verbatim=\toks27
\verbatim@line=\toks28
\verbatim@in@stream=\read1
))
(/home/jbrothschild/.miktex/texmfs/install/tex/latex/natbib/natbib.sty
Package: natbib 2010/09/13 8.31b (PWD, AO)
\bibhang=\skip55
\bibsep=\skip56
LaTeX Info: Redefining \cite on input line 694.
\c@NAT@ctr=\count110
)
(stochatsic_onespecies.aux)
\openout1 = `stochatsic_onespecies.aux'.

LaTeX Font Info:    Checking defaults for OML/cmm/m/it on input line 31.
LaTeX Font Info:    ... okay on input line 31.
LaTeX Font Info:    Checking defaults for T1/cmr/m/n on input line 31.
LaTeX Font Info:    ... okay on input line 31.
LaTeX Font Info:    Checking defaults for OT1/cmr/m/n on input line 31.
LaTeX Font Info:    ... okay on input line 31.
LaTeX Font Info:    Checking defaults for OMS/cmsy/m/n on input line 31.
LaTeX Font Info:    ... okay on input line 31.
LaTeX Font Info:    Checking defaults for OMX/cmex/m/n on input line 31.
LaTeX Font Info:    ... okay on input line 31.
LaTeX Font Info:    Checking defaults for U/cmr/m/n on input line 31.
LaTeX Font Info:    ... okay on input line 31.

(/home/jbrothschild/.miktex/texmfs/install/tex/context/base/supp-pdf.mkii
[Loading MPS to PDF converter (version 2006.09.02).]
\scratchcounter=\count111
\scratchdimen=\dimen125
\scratchbox=\box31
\nofMPsegments=\count112
\nofMParguments=\count113
\everyMPshowfont=\toks29
\MPscratchCnt=\count114
\MPscratchDim=\dimen126
\MPnumerator=\count115
\makeMPintoPDFobject=\count116
\everyMPtoPDFconversion=\toks30
)
(/home/jbrothschild/.miktex/texmfs/install/tex/latex/oberdiek/epstopdf-base.sty
Package: epstopdf-base 2016/05/15 v2.6 Base part for package epstopdf
(/home/jbrothschild/.miktex/texmfs/install/tex/generic/oberdiek/infwarerr.sty
Package: infwarerr 2016/05/16 v1.4 Providing info/warning/error messages (HO)
)
(/home/jbrothschild/.miktex/texmfs/install/tex/latex/oberdiek/grfext.sty
Package: grfext 2016/05/16 v1.2 Manage graphics extensions (HO)

(/home/jbrothschild/.miktex/texmfs/install/tex/generic/oberdiek/kvdefinekeys.st
y
Package: kvdefinekeys 2016/05/16 v1.4 Define keys (HO)
 (/home/jbrothschild/.miktex/texmfs/install/tex/generic/oberdiek/ltxcmds.sty
Package: ltxcmds 2016/05/16 v1.23 LaTeX kernel commands for general use (HO)
))) (/home/jbrothschild/.miktex/texmfs/install/tex/latex/oberdiek/kvoptions.sty
Package: kvoptions 2016/05/16 v3.12 Key value format for package options (HO)

(/home/jbrothschild/.miktex/texmfs/install/tex/generic/oberdiek/kvsetkeys.sty
Package: kvsetkeys 2016/05/16 v1.17 Key value parser (HO)

(/home/jbrothschild/.miktex/texmfs/install/tex/generic/oberdiek/etexcmds.sty
Package: etexcmds 2016/05/16 v1.6 Avoid name clashes with e-TeX commands (HO)

(/home/jbrothschild/.miktex/texmfs/install/tex/generic/oberdiek/ifluatex.sty
Package: ifluatex 2016/05/16 v1.4 Provides the ifluatex switch (HO)
Package ifluatex Info: LuaTeX not detected.
))))
(/home/jbrothschild/.miktex/texmfs/install/tex/generic/oberdiek/pdftexcmds.sty
Package: pdftexcmds 2018/09/10 v0.29 Utility functions of pdfTeX for LuaTeX (HO
)

(/home/jbrothschild/.miktex/texmfs/install/tex/generic/oberdiek/ifpdf.sty
Package: ifpdf 2018/09/07 v3.3 Provides the ifpdf switch
)
Package pdftexcmds Info: LuaTeX not detected.
Package pdftexcmds Info: \pdf@primitive is available.
Package pdftexcmds Info: \pdf@ifprimitive is available.
Package pdftexcmds Info: \pdfdraftmode found.
)
Package epstopdf-base Info: Redefining graphics rule for `.eps' on input line 4
38.
Package grfext Info: Graphics extension search list:
(grfext)             [.pdf,.png,.jpg,.mps,.jpeg,.jbig2,.jb2,.PDF,.PNG,.JPG,.JPE
G,.JBIG2,.JB2,.eps]
(grfext)             \AppendGraphicsExtensions on input line 456.
)
Package caption Info: Begin \AtBeginDocument code.
Package caption Info: subfig package v1.3 is loaded.
Package caption Info: End \AtBeginDocument code.
LaTeX Font Info:    Try loading font information for U+msa on input line 33.

(/home/jbrothschild/.miktex/texmfs/install/tex/latex/amsfonts/umsa.fd
File: umsa.fd 2013/01/14 v3.01 AMS symbols A
)
LaTeX Font Info:    Try loading font information for U+msb on input line 33.

(/home/jbrothschild/.miktex/texmfs/install/tex/latex/amsfonts/umsb.fd
File: umsb.fd 2013/01/14 v3.01 AMS symbols B
)
(sections/abstract.tex) (sections/introduction.tex [1

{/home/jbrothschild/.miktex/texmfs/data/pdftex/config/pdftex.map}]
Overfull \hbox (19.02536pt too wide) in paragraph at lines 76--81
\OT1/cmr/m/n/10 trivial to determine in what regimes certain approximations wor
k best, hence a comparison of these approximations
 []

) (sections/model.tex [2]

Package natbib Warning: Citation `Belle2006' on page 3 undefined on input line 
31.


Package natbib Warning: Citation `Powell1956' on page 3 undefined on input line
 31.


Package natbib Warning: Citation `Lenski1991' on page 3 undefined on input line
 31.

) (sections/quasi-stationary_pdf.tex [3]
<images/Figure1-A.pdf, id=24, 520.34402pt x 321.6015pt>
File: images/Figure1-A.pdf Graphic file (type pdf)
<use images/Figure1-A.pdf>
Package pdftex.def Info: images/Figure1-A.pdf  used on input line 27.
(pdftex.def)             Requested size: 236.01555pt x 145.87253pt.
<images/Figure1-B.pdf, id=25, 520.34402pt x 321.6015pt>
File: images/Figure1-B.pdf Graphic file (type pdf)
<use images/Figure1-B.pdf>
Package pdftex.def Info: images/Figure1-B.pdf  used on input line 29.
(pdftex.def)             Requested size: 236.01555pt x 145.87253pt.
) (sections/mte.tex [4 <./images/Figure1-A.pdf> <./images/Figure1-B.pdf

pdfTeX warning: pdflatex (file ./images/Figure1-B.pdf): PDF inclusion: multiple
 pdfs with page group included in a single page
>]
<images/Figure2.pdf, id=68, 520.34402pt x 321.6015pt>
File: images/Figure2.pdf Graphic file (type pdf)
<use images/Figure2.pdf>
Package pdftex.def Info: images/Figure2.pdf  used on input line 39.
(pdftex.def)             Requested size: 283.22154pt x 175.05588pt.
<images/Figure3-A.pdf, id=69, 520.34402pt x 321.6015pt>
File: images/Figure3-A.pdf Graphic file (type pdf)
<use images/Figure3-A.pdf>
Package pdftex.def Info: images/Figure3-A.pdf  used on input line 53.
(pdftex.def)             Requested size: 236.01555pt x 145.87253pt.
<images/Figure3-B.pdf, id=70, 520.34402pt x 321.6015pt>
File: images/Figure3-B.pdf Graphic file (type pdf)
<use images/Figure3-B.pdf>
Package pdftex.def Info: images/Figure3-B.pdf  used on input line 55.
(pdftex.def)             Requested size: 236.01555pt x 145.87253pt.
 [5 <./images/Figure2.pdf>]) (sections/approximations.tex [6 <./images/Figure3-
A.pdf> <./images/Figure3-B.pdf

pdfTeX warning: pdflatex (file ./images/Figure3-B.pdf): PDF inclusion: multiple
 pdfs with page group included in a single page
>]
Overfull \hbox (11.02551pt too wide) in paragraph at lines 179--185
[]\OT1/cmr/m/n/10 Rather than approximating the probability distribution functi
on near the fixed point, a different approximation
 []

<images/Figure4.pdf, id=131, 520.34402pt x 321.6015pt>
File: images/Figure4.pdf Graphic file (type pdf)
<use images/Figure4.pdf>
Package pdftex.def Info: images/Figure4.pdf  used on input line 188.
(pdftex.def)             Requested size: 283.22154pt x 175.05588pt.
[7 <./images/Figure4.pdf>]
<images/Figure5.pdf, id=155, 520.34402pt x 321.6015pt>
File: images/Figure5.pdf Graphic file (type pdf)
<use images/Figure5.pdf>
Package pdftex.def Info: images/Figure5.pdf  used on input line 232.
(pdftex.def)             Requested size: 283.22154pt x 175.05588pt.
) (sections/discussion.tex
Overfull \hbox (0.92105pt too wide) in paragraph at lines 1--9
\OT1/cmr/m/n/10 The parameters $\OML/cmm/m/it/10 q$ \OT1/cmr/m/n/10 and $\OML/c
mm/m/it/10 $ \OT1/cmr/m/n/10 are products of the assumptions we made in constr
ucting the mathematical framework.
 []

[8 <./images/Figure5.pdf>]
Overfull \hbox (2.37721pt too wide) in paragraph at lines 34--42
\OT1/cmr/m/n/10 approximation. An advantage to this technique is that it genera
lizes to multiple dimensions without conceptual
 []

[9]) (stochatsic_onespecies.bbl [10])

Package natbib Warning: There were undefined citations.

[11] (stochatsic_onespecies.aux) ) 
Here is how much of TeX's memory you used:
 4865 strings out of 494887
 71980 string characters out of 3178203
 142907 words of memory out of 3000000
 8384 multiletter control sequences out of 15000+200000
 12607 words of font info for 49 fonts, out of 3000000 for 9000
 0 hyphenation exceptions out of 8191
 44i,10n,50p,598b,435s stack positions out of 5000i,500n,10000p,200000b,50000s
</home/jbrothschild/.miktex/texmfs/install/fo
nts/type1/public/amsfonts/cm/cmbx10.pfb></home/jbrothschild/.miktex/texmfs/inst
all/fonts/type1/public/amsfonts/cm/cmbx12.pfb></home/jbrothschild/.miktex/texmf
s/install/fonts/type1/public/amsfonts/cm/cmbx9.pfb></home/jbrothschild/.miktex/
texmfs/install/fonts/type1/public/amsfonts/cm/cmex10.pfb></home/jbrothschild/.m
iktex/texmfs/install/fonts/type1/public/amsfonts/cmextra/cmex7.pfb></home/jbrot
hschild/.miktex/texmfs/install/fonts/type1/public/amsfonts/cm/cmmi10.pfb></home
/jbrothschild/.miktex/texmfs/install/fonts/type1/public/amsfonts/cm/cmmi12.pfb>
</home/jbrothschild/.miktex/texmfs/install/fonts/type1/public/amsfonts/cm/cmmi5
.pfb></home/jbrothschild/.miktex/texmfs/install/fonts/type1/public/amsfonts/cm/
cmmi7.pfb></home/jbrothschild/.miktex/texmfs/install/fonts/type1/public/amsfont
s/cm/cmmi8.pfb></home/jbrothschild/.miktex/texmfs/install/fonts/type1/public/am
sfonts/cm/cmr10.pfb></home/jbrothschild/.miktex/texmfs/install/fonts/type1/publ
ic/amsfonts/cm/cmr12.pfb></home/jbrothschild/.miktex/texmfs/install/fonts/type1
/public/amsfonts/cm/cmr17.pfb></home/jbrothschild/.miktex/texmfs/install/fonts/
type1/public/amsfonts/cm/cmr5.pfb></home/jbrothschild/.miktex/texmfs/install/fo
nts/type1/public/amsfonts/cm/cmr7.pfb></home/jbrothschild/.miktex/texmfs/instal
l/fonts/type1/public/amsfonts/cm/cmr8.pfb></home/jbrothschild/.miktex/texmfs/in
stall/fonts/type1/public/amsfonts/cm/cmr9.pfb></home/jbrothschild/.miktex/texmf
s/install/fonts/type1/public/amsfonts/cm/cmsy10.pfb></home/jbrothschild/.miktex
/texmfs/install/fonts/type1/public/amsfonts/cm/cmsy5.pfb></home/jbrothschild/.m
iktex/texmfs/install/fonts/type1/public/amsfonts/cm/cmsy7.pfb></home/jbrothschi
ld/.miktex/texmfs/install/fonts/type1/public/amsfonts/cm/cmti10.pfb></home/jbro
thschild/.miktex/texmfs/install/fonts/type1/public/amsfonts/cm/cmti8.pfb></home
/jbrothschild/.miktex/texmfs/install/fonts/type1/public/amsfonts/symbols/msam10
.pfb>
Output written on stochatsic_onespecies.pdf (11 pages, 1469198 bytes).
PDF statistics:
 248 PDF objects out of 1000 (max. 8388607)
 0 named destinations out of 1000 (max. 500000)
 36 words of extra memory for PDF output out of 10000 (max. 10000000)

